Release 14.6 - xst P.68d (nt)
Copyright (c) 1995-2013 Xilinx, Inc.  All rights reserved.
--> Parameter TMPDIR set to xst/projnav.tmp


Total REAL time to Xst completion: 0.00 secs
Total CPU time to Xst completion: 0.08 secs
 
--> Parameter xsthdpdir set to xst


Total REAL time to Xst completion: 0.00 secs
Total CPU time to Xst completion: 0.09 secs
 
--> Reading design: stopwatch.prj

TABLE OF CONTENTS
  1) Synthesis Options Summary
  2) HDL Compilation
  3) Design Hierarchy Analysis
  4) HDL Analysis
  5) HDL Synthesis
     5.1) HDL Synthesis Report
  6) Advanced HDL Synthesis
     6.1) Advanced HDL Synthesis Report
  7) Low Level Synthesis
  8) Partition Report
  9) Final Report
	9.1) Device utilization summary
	9.2) Partition Resource Summary
	9.3) TIMING REPORT


=========================================================================
*                      Synthesis Options Summary                        *
=========================================================================
---- Source Parameters
Input File Name                    : "stopwatch.prj"
Input Format                       : mixed
Ignore Synthesis Constraint File   : NO

---- Target Parameters
Output File Name                   : "stopwatch"
Output Format                      : NGC
Target Device                      : xc3s500e-4-fg320

---- Source Options
Top Module Name                    : stopwatch
Automatic FSM Extraction           : YES
FSM Encoding Algorithm             : Auto
Safe Implementation                : No
FSM Style                          : LUT
RAM Extraction                     : Yes
RAM Style                          : Auto
ROM Extraction                     : Yes
Mux Style                          : Auto
Decoder Extraction                 : YES
Priority Encoder Extraction        : Yes
Shift Register Extraction          : YES
Logical Shifter Extraction         : YES
XOR Collapsing                     : YES
ROM Style                          : Auto
Mux Extraction                     : Yes
Resource Sharing                   : YES
Asynchronous To Synchronous        : NO
Multiplier Style                   : Auto
Automatic Register Balancing       : No

---- Target Options
Add IO Buffers                     : YES
Global Maximum Fanout              : 500
Add Generic Clock Buffer(BUFG)     : 24
Register Duplication               : YES
Slice Packing                      : YES
Optimize Instantiated Primitives   : NO
Use Clock Enable                   : Yes
Use Synchronous Set                : Yes
Use Synchronous Reset              : Yes
Pack IO Registers into IOBs        : Auto
Equivalent register Removal        : YES

---- General Options
Optimization Goal                  : Speed
Optimization Effort                : 1
Keep Hierarchy                     : No
Netlist Hierarchy                  : As_Optimized
RTL Output                         : Yes
Global Optimization                : AllClockNets
Read Cores                         : YES
Write Timing Constraints           : NO
Cross Clock Analysis               : NO
Hierarchy Separator                : /
Bus Delimiter                      : <>
Case Specifier                     : Maintain
Slice Utilization Ratio            : 100
BRAM Utilization Ratio             : 100
Verilog 2001                       : YES
Auto BRAM Packing                  : NO
Slice Utilization Ratio Delta      : 5

=========================================================================


=========================================================================
*                          HDL Compilation                              *
=========================================================================
Compiling verilog file "stopwatch_verilog.v" in library work
Module <stopwatch> compiled
No errors in compilation
Analysis of file <"stopwatch.prj"> succeeded.
 

=========================================================================
*                     Design Hierarchy Analysis                         *
=========================================================================
Analyzing hierarchy for module <stopwatch> in library <work> with parameters.
	N = "00000000000000000000000000001100"


=========================================================================
*                            HDL Analysis                               *
=========================================================================
Analyzing top module <stopwatch>.
	N = 32'sb00000000000000000000000000001100
Module <stopwatch> is correct for synthesis.
 

=========================================================================
*                           HDL Synthesis                               *
=========================================================================

Performing bidirectional port resolution...

Synthesizing Unit <stopwatch>.
    Related source file is "stopwatch_verilog.v".
    Found 4x1-bit ROM for signal <reg_dp>.
    Found 16x7-bit ROM for signal <sseg_temp$mux0000>.
    Found 1-of-4 decoder for signal <an_temp>.
    Found 12-bit up counter for signal <count>.
    Found 1-bit register for signal <pb_press>.
    Found 4-bit up counter for signal <reg_d0>.
    Found 4-bit up counter for signal <reg_d1>.
    Found 4-bit up counter for signal <reg_d2>.
    Found 4-bit up counter for signal <reg_d3>.
    Found 7-bit 4-to-1 multiplexer for signal <sseg>.
    Found 16-bit up counter for signal <ticker>.
    Summary:
	inferred   2 ROM(s).
	inferred   6 Counter(s).
	inferred   1 D-type flip-flop(s).
	inferred   7 Multiplexer(s).
	inferred   1 Decoder(s).
Unit <stopwatch> synthesized.


=========================================================================
HDL Synthesis Report

Macro Statistics
# ROMs                                                 : 2
 16x7-bit ROM                                          : 1
 4x1-bit ROM                                           : 1
# Counters                                             : 6
 12-bit up counter                                     : 1
 16-bit up counter                                     : 1
 4-bit up counter                                      : 4
# Registers                                            : 1
 1-bit register                                        : 1
# Multiplexers                                         : 1
 7-bit 4-to-1 multiplexer                              : 1
# Decoders                                             : 1
 1-of-4 decoder                                        : 1

=========================================================================

=========================================================================
*                       Advanced HDL Synthesis                          *
=========================================================================


=========================================================================
Advanced HDL Synthesis Report

Macro Statistics
# ROMs                                                 : 2
 16x7-bit ROM                                          : 1
 4x1-bit ROM                                           : 1
# Counters                                             : 6
 12-bit up counter                                     : 1
 16-bit up counter                                     : 1
 4-bit up counter                                      : 4
# Registers                                            : 1
 Flip-Flops                                            : 1
# Multiplexers                                         : 1
 7-bit 4-to-1 multiplexer                              : 1
# Decoders                                             : 1
 1-of-4 decoder                                        : 1

=========================================================================

=========================================================================
*                         Low Level Synthesis                           *
=========================================================================

Optimizing unit <stopwatch> ...

Mapping all equations...
Building and optimizing final netlist ...
Found area constraint ratio of 100 (+ 5) on block stopwatch, actual ratio is 1.

Final Macro Processing ...

=========================================================================
Final Register Report

Macro Statistics
# Registers                                            : 45
 Flip-Flops                                            : 45

=========================================================================

=========================================================================
*                           Partition Report                            *
=========================================================================

Partition Implementation Status
-------------------------------

  No Partitions were found in this design.

-------------------------------

=========================================================================
*                            Final Report                               *
=========================================================================
Final Results
RTL Top Level Output File Name     : stopwatch.ngr
Top Level Output File Name         : stopwatch
Output Format                      : NGC
Optimization Goal                  : Speed
Keep Hierarchy                     : No

Design Statistics
# IOs                              : 16

Cell Usage :
# BELS                             : 154
#      GND                         : 1
#      INV                         : 6
#      LUT1                        : 26
#      LUT2                        : 22
#      LUT2_D                      : 1
#      LUT3                        : 13
#      LUT4                        : 23
#      LUT4_D                      : 2
#      LUT4_L                      : 1
#      MUXCY                       : 26
#      MUXF5                       : 4
#      VCC                         : 1
#      XORCY                       : 28
# FlipFlops/Latches                : 45
#      FDC                         : 12
#      FDCE                        : 32
#      FDSE                        : 1
# Clock Buffers                    : 1
#      BUFGP                       : 1
# IO Buffers                       : 15
#      IBUF                        : 3
#      OBUF                        : 12
=========================================================================

Device utilization summary:
---------------------------

Selected Device : 3s500efg320-4 

 Number of Slices:                       48  out of   4656     1%  
 Number of Slice Flip Flops:             45  out of   9312     0%  
 Number of 4 input LUTs:                 94  out of   9312     1%  
 Number of IOs:                          16
 Number of bonded IOBs:                  16  out of    232     6%  
 Number of GCLKs:                         1  out of     24     4%  

---------------------------
Partition Resource Summary:
---------------------------

  No Partitions were found in this design.

---------------------------


=========================================================================
TIMING REPORT

NOTE: THESE TIMING NUMBERS ARE ONLY A SYNTHESIS ESTIMATE.
      FOR ACCURATE TIMING INFORMATION PLEASE REFER TO THE TRACE REPORT
      GENERATED AFTER PLACE-and-ROUTE.

Clock Information:
------------------
-----------------------------------+------------------------+-------+
Clock Signal                       | Clock buffer(FF name)  | Load  |
-----------------------------------+------------------------+-------+
clock                              | BUFGP                  | 45    |
-----------------------------------+------------------------+-------+

Asynchronous Control Signals Information:
----------------------------------------
-----------------------------------+------------------------+-------+
Control Signal                     | Buffer(FF name)        | Load  |
-----------------------------------+------------------------+-------+
reset                              | IBUF                   | 44    |
-----------------------------------+------------------------+-------+

Timing Summary:
---------------
Speed Grade: -4

   Minimum period: 6.221ns (Maximum Frequency: 160.746MHz)
   Minimum input arrival time before clock: 2.549ns
   Maximum output required time after clock: 8.053ns
   Maximum combinational path delay: No path found

Timing Detail:
--------------
All values displayed in nanoseconds (ns)

=========================================================================
Timing constraint: Default period analysis for Clock 'clock'
  Clock period: 6.221ns (frequency: 160.746MHz)
  Total number of paths / destination ports: 1142 / 76
-------------------------------------------------------------------------
Delay:               6.221ns (Levels of Logic = 3)
  Source:            ticker_0 (FF)
  Destination:       ticker_0 (FF)
  Source Clock:      clock rising
  Destination Clock: clock rising

  Data Path: ticker_0 to ticker_0
                                Gate     Net
    Cell:in->out      fanout   Delay   Delay  Logical Name (Net Name)
    ----------------------------------------  ------------
     FDCE:C->Q             2   0.591   0.622  ticker_0 (ticker_0)
     LUT4_D:I0->O          1   0.704   0.595  ticker_cmp_eq00004 (ticker_cmp_eq00004)
     LUT4:I0->O            5   0.704   0.712  ticker_cmp_eq000055_1 (ticker_cmp_eq000055)
     LUT2:I1->O           16   0.704   1.034  ticker_not00011 (ticker_not0001)
     FDCE:CE                   0.555          ticker_0
    ----------------------------------------
    Total                      6.221ns (3.258ns logic, 2.963ns route)
                                       (52.4% logic, 47.6% route)

=========================================================================
Timing constraint: Default OFFSET IN BEFORE for Clock 'clock'
  Total number of paths / destination ports: 2 / 2
-------------------------------------------------------------------------
Offset:              2.549ns (Levels of Logic = 1)
  Source:            start (PAD)
  Destination:       pb_press (FF)
  Destination Clock: clock rising

  Data Path: start to pb_press
                                Gate     Net
    Cell:in->out      fanout   Delay   Delay  Logical Name (Net Name)
    ----------------------------------------  ------------
     IBUF:I->O             1   1.218   0.420  start_IBUF (start_IBUF)
     FDSE:S                    0.911          pb_press
    ----------------------------------------
    Total                      2.549ns (2.129ns logic, 0.420ns route)
                                       (83.5% logic, 16.5% route)

=========================================================================
Timing constraint: Default OFFSET OUT AFTER for Clock 'clock'
  Total number of paths / destination ports: 206 / 12
-------------------------------------------------------------------------
Offset:              8.053ns (Levels of Logic = 4)
  Source:            count_10 (FF)
  Destination:       a (PAD)
  Source Clock:      clock rising

  Data Path: count_10 to a
                                Gate     Net
    Cell:in->out      fanout   Delay   Delay  Logical Name (Net Name)
    ----------------------------------------  ------------
     FDC:C->Q             13   0.591   1.158  count_10 (count_10)
     LUT3:I0->O            1   0.704   0.000  Mmux_sseg_3 (Mmux_sseg_3)
     MUXF5:I1->O           7   0.321   0.883  Mmux_sseg_2_f5 (sseg<0>)
     LUT4:I0->O            1   0.704   0.420  Mrom_sseg_temp_mux000051 (f_OBUF)
     OBUF:I->O                 3.272          f_OBUF (f)
    ----------------------------------------
    Total                      8.053ns (5.592ns logic, 2.461ns route)
                                       (69.4% logic, 30.6% route)

=========================================================================


Total REAL time to Xst completion: 3.00 secs
Total CPU time to Xst completion: 3.54 secs
 
--> 

Total memory usage is 218892 kilobytes

Number of errors   :    0 (   0 filtered)
Number of warnings :    0 (   0 filtered)
Number of infos    :    0 (   0 filtered)

